<?xml version="1.0" encoding="UTF-8"?>
<!-- Generated by org.testng.reporters.JUnitXMLReporter -->
<testsuite ignored="0" hostname="lenovo2001" failures="1" tests="1" name="Surefire test" time="7.848" errors="0" timestamp="2025-03-10T01:23:25 GMT">
  <testcase classname="ProductSelectionTest" name="checkOpenProductsPage" time="6.992">
    <failure type="java.lang.AssertionError" message="expected [Samsung galaxy s6] but found [Sony vaio i5]">
      <![CDATA[java.lang.AssertionError: expected [Samsung galaxy s6] but found [Sony vaio i5]
at ProductSelectionTest.checkOpenProductsPage(ProductSelectionTest.java:19)
at java.base/java.util.ArrayList.forEach(ArrayList.java:1596)
... Removed 36 stack frames]]>
    </failure>
  </testcase> <!-- checkOpenProductsPage -->
</testsuite> <!-- Surefire test -->
